/*C3*/SET SCHEMA PUBLIC
\u000a    create table FileInformation (\u000a        discriminator varchar(31) not null,\u000a        FI_ID integer generated by default as identity (start with 1),\u000a        filePath varchar(255),\u000a        fileType integer,\u000a        name varchar(255),\u000a        ownerId integer,\u000a        url varchar(255),\u000a        fi_id_out integer,\u000a        fi_id_in integer,\u000a        primary key (FI_ID)\u000a    )
\u000a    create table PROJ_FI (\u000a        FI_ID integer not null,\u000a        PROJ_ID integer not null,\u000a        primary key (FI_ID, PROJ_ID),\u000a        unique (PROJ_ID)\u000a    )
\u000a    create table Project (\u000a        discriminator varchar(31) not null,\u000a        PROJ_ID integer generated by default as identity (start with 1),\u000a        name varchar(255),\u000a        pathDirectory varchar(255),\u000a        UR_ID integer not null,\u000a        primary key (PROJ_ID)\u000a    )
\u000a    create table Session (\u000a        discriminator varchar(31) not null,\u000a        id integer generated by default as identity (start with 1),\u000a        expireDate timestamp,\u000a        locale varchar(255),\u000a        sessionId varchar(255),\u000a        userId integer,\u000a        primary key (id)\u000a    )
\u000a    create table SimulationProject (\u000a        discriminator varchar(31) not null,\u000a        SIMPROJ_ID integer generated by default as identity (start with 1),\u000a        name varchar(255),\u000a        pathDirectory varchar(255),\u000a        pathInputDirectory varchar(255),\u000a        pathOutputDirectory varchar(255),\u000a        remoteId varchar(255),\u000a        simulationStatus integer,\u000a        simulationTypeId integer,\u000a        PROJ_ID integer not null,\u000a        primary key (SIMPROJ_ID)\u000a    )
\u000a    create table UR_FI (\u000a        FI_ID integer not null,\u000a        UR_ID integer not null,\u000a        primary key (FI_ID, UR_ID),\u000a        unique (UR_ID)\u000a    )
\u000a    create table User (\u000a        discriminator varchar(31) not null,\u000a        id integer generated by default as identity (start with 1),\u000a        email varchar(255),\u000a        firstName varchar(255),\u000a        lastName varchar(255),\u000a        password varchar(255),\u000a        role varchar(255),\u000a        username varchar(255),\u000a        primary key (id)\u000a    )
\u000a    create table UserRepository (\u000a        discriminator varchar(31) not null,\u000a        UR_ID integer generated by default as identity (start with 1),\u000a        userId integer,\u000a        userRepositoryPath varchar(255),\u000a        primary key (UR_ID)\u000a    )
\u000a    alter table FileInformation \u000a        add constraint FKB713D9F0B7B6139C \u000a        foreign key (fi_id_in) \u000a        references SimulationProject
\u000a    alter table FileInformation \u000a        add constraint FKB713D9F02677C75 \u000a        foreign key (fi_id_out) \u000a        references SimulationProject
\u000a    alter table PROJ_FI \u000a        add constraint FK185C38E5D06D4DAD \u000a        foreign key (FI_ID) \u000a        references Project
\u000a    alter table PROJ_FI \u000a        add constraint FK185C38E5489202CA \u000a        foreign key (PROJ_ID) \u000a        references FileInformation
\u000a    alter table Project \u000a        add constraint FK50C8E2F9E5131455 \u000a        foreign key (UR_ID) \u000a        references UserRepository
\u000a    alter table SimulationProject \u000a        add constraint FK993D76F2B82EF8D3 \u000a        foreign key (PROJ_ID) \u000a        references Project
\u000a    alter table UR_FI \u000a        add constraint FK4D481A5E43B9C6F \u000a        foreign key (FI_ID) \u000a        references UserRepository
\u000a    alter table UR_FI \u000a        add constraint FK4D481A561A7CF8A \u000a        foreign key (UR_ID) \u000a        references FileInformation
/*C2*/SET SCHEMA PUBLIC
DISCONNECT
/*C3*/DISCONNECT
/*C4*/SET SCHEMA PUBLIC
DISCONNECT
